[0.042s] Invoking command in '/home/yamaguchi-a/turtlebot3_ws/src/nav2_send_goal/build/nav2_send_goal': CMAKE_PREFIX_PATH=${CMAKE_PREFIX_PATH}:/opt/ros/humble /usr/bin/cmake --build /home/yamaguchi-a/turtlebot3_ws/src/nav2_send_goal/build/nav2_send_goal -- -j8 -l8
[0.191s] [35m[1mConsolidate compiler generated dependencies of target nav2_send_goal[0m
[0.271s] [100%] Built target nav2_send_goal
[0.314s] Invoked command in '/home/yamaguchi-a/turtlebot3_ws/src/nav2_send_goal/build/nav2_send_goal' returned '0': CMAKE_PREFIX_PATH=${CMAKE_PREFIX_PATH}:/opt/ros/humble /usr/bin/cmake --build /home/yamaguchi-a/turtlebot3_ws/src/nav2_send_goal/build/nav2_send_goal -- -j8 -l8
[0.467s] Invoking command in '/home/yamaguchi-a/turtlebot3_ws/src/nav2_send_goal/build/nav2_send_goal': CMAKE_PREFIX_PATH=${CMAKE_PREFIX_PATH}:/opt/ros/humble /usr/bin/cmake --install /home/yamaguchi-a/turtlebot3_ws/src/nav2_send_goal/build/nav2_send_goal
[0.494s] -- Install configuration: ""
[0.496s] -- Up-to-date: /home/yamaguchi-a/turtlebot3_ws/src/nav2_send_goal/install/nav2_send_goal/lib/nav2_send_goal/nav2_send_goal
[0.498s] -- Up-to-date: /home/yamaguchi-a/turtlebot3_ws/src/nav2_send_goal/install/nav2_send_goal/share/ament_index/resource_index/package_run_dependencies/nav2_send_goal
[0.499s] -- Up-to-date: /home/yamaguchi-a/turtlebot3_ws/src/nav2_send_goal/install/nav2_send_goal/share/ament_index/resource_index/parent_prefix_path/nav2_send_goal
[0.499s] -- Up-to-date: /home/yamaguchi-a/turtlebot3_ws/src/nav2_send_goal/install/nav2_send_goal/share/nav2_send_goal/environment/ament_prefix_path.sh
[0.499s] -- Up-to-date: /home/yamaguchi-a/turtlebot3_ws/src/nav2_send_goal/install/nav2_send_goal/share/nav2_send_goal/environment/ament_prefix_path.dsv
[0.500s] -- Up-to-date: /home/yamaguchi-a/turtlebot3_ws/src/nav2_send_goal/install/nav2_send_goal/share/nav2_send_goal/environment/path.sh
[0.500s] -- Up-to-date: /home/yamaguchi-a/turtlebot3_ws/src/nav2_send_goal/install/nav2_send_goal/share/nav2_send_goal/environment/path.dsv
[0.500s] -- Up-to-date: /home/yamaguchi-a/turtlebot3_ws/src/nav2_send_goal/install/nav2_send_goal/share/nav2_send_goal/local_setup.bash
[0.500s] -- Up-to-date: /home/yamaguchi-a/turtlebot3_ws/src/nav2_send_goal/install/nav2_send_goal/share/nav2_send_goal/local_setup.sh
[0.500s] -- Up-to-date: /home/yamaguchi-a/turtlebot3_ws/src/nav2_send_goal/install/nav2_send_goal/share/nav2_send_goal/local_setup.zsh
[0.500s] -- Up-to-date: /home/yamaguchi-a/turtlebot3_ws/src/nav2_send_goal/install/nav2_send_goal/share/nav2_send_goal/local_setup.dsv
[0.500s] -- Installing: /home/yamaguchi-a/turtlebot3_ws/src/nav2_send_goal/install/nav2_send_goal/share/nav2_send_goal/package.dsv
[0.500s] -- Up-to-date: /home/yamaguchi-a/turtlebot3_ws/src/nav2_send_goal/install/nav2_send_goal/share/ament_index/resource_index/packages/nav2_send_goal
[0.501s] -- Up-to-date: /home/yamaguchi-a/turtlebot3_ws/src/nav2_send_goal/install/nav2_send_goal/share/nav2_send_goal/cmake/nav2_send_goalConfig.cmake
[0.501s] -- Up-to-date: /home/yamaguchi-a/turtlebot3_ws/src/nav2_send_goal/install/nav2_send_goal/share/nav2_send_goal/cmake/nav2_send_goalConfig-version.cmake
[0.501s] -- Up-to-date: /home/yamaguchi-a/turtlebot3_ws/src/nav2_send_goal/install/nav2_send_goal/share/nav2_send_goal/package.xml
[0.507s] Invoked command in '/home/yamaguchi-a/turtlebot3_ws/src/nav2_send_goal/build/nav2_send_goal' returned '0': CMAKE_PREFIX_PATH=${CMAKE_PREFIX_PATH}:/opt/ros/humble /usr/bin/cmake --install /home/yamaguchi-a/turtlebot3_ws/src/nav2_send_goal/build/nav2_send_goal
