[0.124s] DEBUG:colcon:Command line arguments: ['/usr/bin/colcon', 'build']
[0.125s] DEBUG:colcon:Parsed command line arguments: Namespace(log_base=None, log_level=None, verb_name='build', build_base='build', install_base='install', merge_install=False, symlink_install=False, test_result_base=None, continue_on_error=False, executor='parallel', parallel_workers=8, event_handlers=None, ignore_user_meta=False, metas=['./colcon.meta'], base_paths=['.'], packages_ignore=None, packages_ignore_regex=None, paths=None, packages_up_to=None, packages_up_to_regex=None, packages_above=None, packages_above_and_dependencies=None, packages_above_depth=None, packages_select_by_dep=None, packages_skip_by_dep=None, packages_skip_up_to=None, packages_select_build_failed=False, packages_skip_build_finished=False, packages_select_test_failures=False, packages_skip_test_passed=False, packages_select=None, packages_skip=None, packages_select_regex=None, packages_skip_regex=None, packages_start=None, packages_end=None, allow_overriding=[], cmake_args=None, cmake_target=None, cmake_target_skip_unavailable=False, cmake_clean_cache=False, cmake_clean_first=False, cmake_force_configure=False, ament_cmake_args=None, catkin_cmake_args=None, catkin_skip_building_tests=False, mixin_files=None, mixin=None, verb_parser=<colcon_mixin.mixin.mixin_argument.MixinArgumentDecorator object at 0x7f9812256b60>, verb_extension=<colcon_core.verb.build.BuildVerb object at 0x7f98122565f0>, main=<bound method BuildVerb.main of <colcon_core.verb.build.BuildVerb object at 0x7f98122565f0>>, mixin_verb=('build',))
[0.315s] Level 1:colcon.colcon_core.package_discovery:discover_packages(colcon_meta) check parameters
[0.315s] Level 1:colcon.colcon_core.package_discovery:discover_packages(recursive) check parameters
[0.315s] Level 1:colcon.colcon_core.package_discovery:discover_packages(ignore) check parameters
[0.315s] Level 1:colcon.colcon_core.package_discovery:discover_packages(path) check parameters
[0.315s] Level 1:colcon.colcon_core.package_discovery:discover_packages(colcon_meta) discover
[0.316s] Level 1:colcon.colcon_core.package_discovery:discover_packages(recursive) discover
[0.316s] INFO:colcon.colcon_core.package_discovery:Crawling recursively for packages in '/home/yamaguchi-a/turtlebot3_ws/src/nav2_send_goal'
[0.316s] Level 1:colcon.colcon_core.package_identification:_identify(.) by extensions ['ignore', 'ignore_ament_install']
[0.316s] Level 1:colcon.colcon_core.package_identification:_identify(.) by extension 'ignore'
[0.316s] Level 1:colcon.colcon_core.package_identification:_identify(.) by extension 'ignore_ament_install'
[0.316s] Level 1:colcon.colcon_core.package_identification:_identify(.) by extensions ['colcon_pkg']
[0.316s] Level 1:colcon.colcon_core.package_identification:_identify(.) by extension 'colcon_pkg'
[0.316s] Level 1:colcon.colcon_core.package_identification:_identify(.) by extensions ['colcon_meta']
[0.316s] Level 1:colcon.colcon_core.package_identification:_identify(.) by extension 'colcon_meta'
[0.316s] Level 1:colcon.colcon_core.package_identification:_identify(.) by extensions ['ros']
[0.316s] Level 1:colcon.colcon_core.package_identification:_identify(.) by extension 'ros'
[0.331s] DEBUG:colcon.colcon_core.package_identification:Package '.' with type 'ros.ament_cmake' and name 'nav2_send_goal'
[0.331s] Level 1:colcon.colcon_core.package_discovery:discover_packages(recursive) using defaults
[0.331s] Level 1:colcon.colcon_core.package_discovery:discover_packages(ignore) discover
[0.331s] Level 1:colcon.colcon_core.package_discovery:discover_packages(ignore) using defaults
[0.331s] Level 1:colcon.colcon_core.package_discovery:discover_packages(path) discover
[0.331s] Level 1:colcon.colcon_core.package_discovery:discover_packages(path) using defaults
[0.352s] Level 1:colcon.colcon_core.package_discovery:discover_packages(prefix_path) check parameters
[0.352s] Level 1:colcon.colcon_core.package_discovery:discover_packages(prefix_path) discover
[0.354s] DEBUG:colcon.colcon_installed_package_information.package_discovery:Found 4 installed packages in /home/yamaguchi-a/turtlebot3_ws/install
[0.366s] DEBUG:colcon.colcon_installed_package_information.package_discovery:Found 0 installed packages in /home/yamaguchi-a/ros2_ws/install
[0.368s] DEBUG:colcon.colcon_installed_package_information.package_discovery:Found 388 installed packages in /opt/ros/humble
[0.370s] Level 1:colcon.colcon_core.package_discovery:discover_packages(prefix_path) using defaults
[0.424s] Level 5:colcon.colcon_core.verb:set package 'nav2_send_goal' build argument 'cmake_args' from command line to 'None'
[0.424s] Level 5:colcon.colcon_core.verb:set package 'nav2_send_goal' build argument 'cmake_target' from command line to 'None'
[0.424s] Level 5:colcon.colcon_core.verb:set package 'nav2_send_goal' build argument 'cmake_target_skip_unavailable' from command line to 'False'
[0.424s] Level 5:colcon.colcon_core.verb:set package 'nav2_send_goal' build argument 'cmake_clean_cache' from command line to 'False'
[0.424s] Level 5:colcon.colcon_core.verb:set package 'nav2_send_goal' build argument 'cmake_clean_first' from command line to 'False'
[0.424s] Level 5:colcon.colcon_core.verb:set package 'nav2_send_goal' build argument 'cmake_force_configure' from command line to 'False'
[0.425s] Level 5:colcon.colcon_core.verb:set package 'nav2_send_goal' build argument 'ament_cmake_args' from command line to 'None'
[0.425s] Level 5:colcon.colcon_core.verb:set package 'nav2_send_goal' build argument 'catkin_cmake_args' from command line to 'None'
[0.425s] Level 5:colcon.colcon_core.verb:set package 'nav2_send_goal' build argument 'catkin_skip_building_tests' from command line to 'False'
[0.425s] DEBUG:colcon.colcon_core.verb:Building package 'nav2_send_goal' with the following arguments: {'ament_cmake_args': None, 'build_base': '/home/yamaguchi-a/turtlebot3_ws/src/nav2_send_goal/build/nav2_send_goal', 'catkin_cmake_args': None, 'catkin_skip_building_tests': False, 'cmake_args': None, 'cmake_clean_cache': False, 'cmake_clean_first': False, 'cmake_force_configure': False, 'cmake_target': None, 'cmake_target_skip_unavailable': False, 'install_base': '/home/yamaguchi-a/turtlebot3_ws/src/nav2_send_goal/install/nav2_send_goal', 'merge_install': False, 'path': '/home/yamaguchi-a/turtlebot3_ws/src/nav2_send_goal', 'symlink_install': False, 'test_result_base': None}
[0.425s] INFO:colcon.colcon_core.executor:Executing jobs using 'parallel' executor
[0.426s] DEBUG:colcon.colcon_parallel_executor.executor.parallel:run_until_complete
[0.427s] INFO:colcon.colcon_ros.task.ament_cmake.build:Building ROS package in '/home/yamaguchi-a/turtlebot3_ws/src/nav2_send_goal' with build type 'ament_cmake'
[0.427s] INFO:colcon.colcon_cmake.task.cmake.build:Building CMake package in '/home/yamaguchi-a/turtlebot3_ws/src/nav2_send_goal'
[0.429s] INFO:colcon.colcon_core.plugin_system:Skipping extension 'colcon_core.shell.bat': Not used on non-Windows systems
[0.429s] INFO:colcon.colcon_core.shell:Skip shell extension 'powershell' for command environment: Not usable outside of PowerShell
[0.429s] DEBUG:colcon.colcon_core.shell:Skip shell extension 'dsv' for command environment
[0.439s] DEBUG:colcon.colcon_core.event_handler.log_command:Invoking command in '/home/yamaguchi-a/turtlebot3_ws/src/nav2_send_goal/build/nav2_send_goal': CMAKE_PREFIX_PATH=${CMAKE_PREFIX_PATH}:/opt/ros/humble /usr/bin/cmake --build /home/yamaguchi-a/turtlebot3_ws/src/nav2_send_goal/build/nav2_send_goal -- -j8 -l8
[8.474s] DEBUG:colcon.colcon_core.event_handler.log_command:Invoked command in '/home/yamaguchi-a/turtlebot3_ws/src/nav2_send_goal/build/nav2_send_goal' returned '0': CMAKE_PREFIX_PATH=${CMAKE_PREFIX_PATH}:/opt/ros/humble /usr/bin/cmake --build /home/yamaguchi-a/turtlebot3_ws/src/nav2_send_goal/build/nav2_send_goal -- -j8 -l8
[8.512s] DEBUG:colcon.colcon_core.event_handler.log_command:Invoking command in '/home/yamaguchi-a/turtlebot3_ws/src/nav2_send_goal/build/nav2_send_goal': CMAKE_PREFIX_PATH=${CMAKE_PREFIX_PATH}:/opt/ros/humble /usr/bin/cmake --install /home/yamaguchi-a/turtlebot3_ws/src/nav2_send_goal/build/nav2_send_goal
[8.528s] Level 1:colcon.colcon_core.environment:create_environment_scripts_only(nav2_send_goal)
[8.528s] DEBUG:colcon.colcon_core.event_handler.log_command:Invoked command in '/home/yamaguchi-a/turtlebot3_ws/src/nav2_send_goal/build/nav2_send_goal' returned '0': CMAKE_PREFIX_PATH=${CMAKE_PREFIX_PATH}:/opt/ros/humble /usr/bin/cmake --install /home/yamaguchi-a/turtlebot3_ws/src/nav2_send_goal/build/nav2_send_goal
[8.530s] Level 1:colcon.colcon_core.environment:checking '/home/yamaguchi-a/turtlebot3_ws/src/nav2_send_goal/install/nav2_send_goal' for CMake module files
[8.531s] Level 1:colcon.colcon_core.environment:checking '/home/yamaguchi-a/turtlebot3_ws/src/nav2_send_goal/install/nav2_send_goal' for CMake config files
[8.531s] Level 1:colcon.colcon_core.shell:create_environment_hook('nav2_send_goal', 'cmake_prefix_path')
[8.531s] INFO:colcon.colcon_core.shell:Creating environment hook '/home/yamaguchi-a/turtlebot3_ws/src/nav2_send_goal/install/nav2_send_goal/share/nav2_send_goal/hook/cmake_prefix_path.ps1'
[8.532s] INFO:colcon.colcon_core.shell:Creating environment descriptor '/home/yamaguchi-a/turtlebot3_ws/src/nav2_send_goal/install/nav2_send_goal/share/nav2_send_goal/hook/cmake_prefix_path.dsv'
[8.532s] INFO:colcon.colcon_core.shell:Creating environment hook '/home/yamaguchi-a/turtlebot3_ws/src/nav2_send_goal/install/nav2_send_goal/share/nav2_send_goal/hook/cmake_prefix_path.sh'
[8.533s] Level 1:colcon.colcon_core.environment:checking '/home/yamaguchi-a/turtlebot3_ws/src/nav2_send_goal/install/nav2_send_goal/lib'
[8.533s] Level 1:colcon.colcon_core.environment:checking '/home/yamaguchi-a/turtlebot3_ws/src/nav2_send_goal/install/nav2_send_goal/bin'
[8.533s] Level 1:colcon.colcon_core.environment:checking '/home/yamaguchi-a/turtlebot3_ws/src/nav2_send_goal/install/nav2_send_goal/lib/pkgconfig/nav2_send_goal.pc'
[8.533s] Level 1:colcon.colcon_core.environment:checking '/home/yamaguchi-a/turtlebot3_ws/src/nav2_send_goal/install/nav2_send_goal/lib/python3.10/site-packages'
[8.534s] Level 1:colcon.colcon_core.environment:checking '/home/yamaguchi-a/turtlebot3_ws/src/nav2_send_goal/install/nav2_send_goal/bin'
[8.534s] INFO:colcon.colcon_core.shell:Creating package script '/home/yamaguchi-a/turtlebot3_ws/src/nav2_send_goal/install/nav2_send_goal/share/nav2_send_goal/package.ps1'
[8.535s] INFO:colcon.colcon_core.shell:Creating package descriptor '/home/yamaguchi-a/turtlebot3_ws/src/nav2_send_goal/install/nav2_send_goal/share/nav2_send_goal/package.dsv'
[8.536s] INFO:colcon.colcon_core.shell:Creating package script '/home/yamaguchi-a/turtlebot3_ws/src/nav2_send_goal/install/nav2_send_goal/share/nav2_send_goal/package.sh'
[8.536s] INFO:colcon.colcon_core.shell:Creating package script '/home/yamaguchi-a/turtlebot3_ws/src/nav2_send_goal/install/nav2_send_goal/share/nav2_send_goal/package.bash'
[8.537s] INFO:colcon.colcon_core.shell:Creating package script '/home/yamaguchi-a/turtlebot3_ws/src/nav2_send_goal/install/nav2_send_goal/share/nav2_send_goal/package.zsh'
[8.538s] Level 1:colcon.colcon_core.environment:create_file_with_runtime_dependencies(/home/yamaguchi-a/turtlebot3_ws/src/nav2_send_goal/install/nav2_send_goal/share/colcon-core/packages/nav2_send_goal)
[8.566s] Level 1:colcon.colcon_core.environment:create_environment_scripts_only(nav2_send_goal)
[8.567s] Level 1:colcon.colcon_core.environment:checking '/home/yamaguchi-a/turtlebot3_ws/src/nav2_send_goal/install/nav2_send_goal' for CMake module files
[8.567s] Level 1:colcon.colcon_core.environment:checking '/home/yamaguchi-a/turtlebot3_ws/src/nav2_send_goal/install/nav2_send_goal' for CMake config files
[8.567s] Level 1:colcon.colcon_core.shell:create_environment_hook('nav2_send_goal', 'cmake_prefix_path')
[8.568s] INFO:colcon.colcon_core.shell:Creating environment hook '/home/yamaguchi-a/turtlebot3_ws/src/nav2_send_goal/install/nav2_send_goal/share/nav2_send_goal/hook/cmake_prefix_path.ps1'
[8.568s] INFO:colcon.colcon_core.shell:Creating environment descriptor '/home/yamaguchi-a/turtlebot3_ws/src/nav2_send_goal/install/nav2_send_goal/share/nav2_send_goal/hook/cmake_prefix_path.dsv'
[8.568s] INFO:colcon.colcon_core.shell:Creating environment hook '/home/yamaguchi-a/turtlebot3_ws/src/nav2_send_goal/install/nav2_send_goal/share/nav2_send_goal/hook/cmake_prefix_path.sh'
[8.569s] Level 1:colcon.colcon_core.environment:checking '/home/yamaguchi-a/turtlebot3_ws/src/nav2_send_goal/install/nav2_send_goal/lib'
[8.569s] Level 1:colcon.colcon_core.environment:checking '/home/yamaguchi-a/turtlebot3_ws/src/nav2_send_goal/install/nav2_send_goal/bin'
[8.569s] Level 1:colcon.colcon_core.environment:checking '/home/yamaguchi-a/turtlebot3_ws/src/nav2_send_goal/install/nav2_send_goal/lib/pkgconfig/nav2_send_goal.pc'
[8.569s] Level 1:colcon.colcon_core.environment:checking '/home/yamaguchi-a/turtlebot3_ws/src/nav2_send_goal/install/nav2_send_goal/lib/python3.10/site-packages'
[8.569s] Level 1:colcon.colcon_core.environment:checking '/home/yamaguchi-a/turtlebot3_ws/src/nav2_send_goal/install/nav2_send_goal/bin'
[8.570s] INFO:colcon.colcon_core.shell:Creating package script '/home/yamaguchi-a/turtlebot3_ws/src/nav2_send_goal/install/nav2_send_goal/share/nav2_send_goal/package.ps1'
[8.570s] INFO:colcon.colcon_core.shell:Creating package descriptor '/home/yamaguchi-a/turtlebot3_ws/src/nav2_send_goal/install/nav2_send_goal/share/nav2_send_goal/package.dsv'
[8.571s] INFO:colcon.colcon_core.shell:Creating package script '/home/yamaguchi-a/turtlebot3_ws/src/nav2_send_goal/install/nav2_send_goal/share/nav2_send_goal/package.sh'
[8.571s] INFO:colcon.colcon_core.shell:Creating package script '/home/yamaguchi-a/turtlebot3_ws/src/nav2_send_goal/install/nav2_send_goal/share/nav2_send_goal/package.bash'
[8.572s] INFO:colcon.colcon_core.shell:Creating package script '/home/yamaguchi-a/turtlebot3_ws/src/nav2_send_goal/install/nav2_send_goal/share/nav2_send_goal/package.zsh'
[8.572s] Level 1:colcon.colcon_core.environment:create_file_with_runtime_dependencies(/home/yamaguchi-a/turtlebot3_ws/src/nav2_send_goal/install/nav2_send_goal/share/colcon-core/packages/nav2_send_goal)
[8.572s] DEBUG:colcon.colcon_parallel_executor.executor.parallel:closing loop
[8.573s] DEBUG:colcon.colcon_parallel_executor.executor.parallel:loop closed
[8.573s] DEBUG:colcon.colcon_parallel_executor.executor.parallel:run_until_complete finished with '0'
[8.573s] DEBUG:colcon.colcon_core.event_reactor:joining thread
[8.579s] INFO:colcon.colcon_core.plugin_system:Skipping extension 'colcon_notification.desktop_notification.terminal_notifier': Not used on non-Darwin systems
[8.579s] INFO:colcon.colcon_core.plugin_system:Skipping extension 'colcon_notification.desktop_notification.win32': Not used on non-Windows systems
[8.580s] INFO:colcon.colcon_notification.desktop_notification:Sending desktop notification using 'notify2'
[8.591s] DEBUG:colcon.colcon_core.event_reactor:joined thread
[8.591s] INFO:colcon.colcon_core.shell:Creating prefix script '/home/yamaguchi-a/turtlebot3_ws/src/nav2_send_goal/install/local_setup.ps1'
[8.593s] INFO:colcon.colcon_core.shell:Creating prefix util module '/home/yamaguchi-a/turtlebot3_ws/src/nav2_send_goal/install/_local_setup_util_ps1.py'
[8.594s] INFO:colcon.colcon_core.shell:Creating prefix chain script '/home/yamaguchi-a/turtlebot3_ws/src/nav2_send_goal/install/setup.ps1'
[8.596s] INFO:colcon.colcon_core.shell:Creating prefix script '/home/yamaguchi-a/turtlebot3_ws/src/nav2_send_goal/install/local_setup.sh'
[8.596s] INFO:colcon.colcon_core.shell:Creating prefix util module '/home/yamaguchi-a/turtlebot3_ws/src/nav2_send_goal/install/_local_setup_util_sh.py'
[8.596s] INFO:colcon.colcon_core.shell:Creating prefix chain script '/home/yamaguchi-a/turtlebot3_ws/src/nav2_send_goal/install/setup.sh'
[8.598s] INFO:colcon.colcon_core.shell:Creating prefix script '/home/yamaguchi-a/turtlebot3_ws/src/nav2_send_goal/install/local_setup.bash'
[8.598s] INFO:colcon.colcon_core.shell:Creating prefix chain script '/home/yamaguchi-a/turtlebot3_ws/src/nav2_send_goal/install/setup.bash'
[8.599s] INFO:colcon.colcon_core.shell:Creating prefix script '/home/yamaguchi-a/turtlebot3_ws/src/nav2_send_goal/install/local_setup.zsh'
[8.600s] INFO:colcon.colcon_core.shell:Creating prefix chain script '/home/yamaguchi-a/turtlebot3_ws/src/nav2_send_goal/install/setup.zsh'
