[0.120s] DEBUG:colcon:Command line arguments: ['/usr/bin/colcon', 'build']
[0.120s] DEBUG:colcon:Parsed command line arguments: Namespace(log_base=None, log_level=None, verb_name='build', build_base='build', install_base='install', merge_install=False, symlink_install=False, test_result_base=None, continue_on_error=False, executor='parallel', parallel_workers=8, event_handlers=None, ignore_user_meta=False, metas=['./colcon.meta'], base_paths=['.'], packages_ignore=None, packages_ignore_regex=None, paths=None, packages_up_to=None, packages_up_to_regex=None, packages_above=None, packages_above_and_dependencies=None, packages_above_depth=None, packages_select_by_dep=None, packages_skip_by_dep=None, packages_skip_up_to=None, packages_select_build_failed=False, packages_skip_build_finished=False, packages_select_test_failures=False, packages_skip_test_passed=False, packages_select=None, packages_skip=None, packages_select_regex=None, packages_skip_regex=None, packages_start=None, packages_end=None, allow_overriding=[], cmake_args=None, cmake_target=None, cmake_target_skip_unavailable=False, cmake_clean_cache=False, cmake_clean_first=False, cmake_force_configure=False, ament_cmake_args=None, catkin_cmake_args=None, catkin_skip_building_tests=False, mixin_files=None, mixin=None, verb_parser=<colcon_mixin.mixin.mixin_argument.MixinArgumentDecorator object at 0x75eaffb3ab60>, verb_extension=<colcon_core.verb.build.BuildVerb object at 0x75eaffb3a5f0>, main=<bound method BuildVerb.main of <colcon_core.verb.build.BuildVerb object at 0x75eaffb3a5f0>>, mixin_verb=('build',))
[0.312s] Level 1:colcon.colcon_core.package_discovery:discover_packages(colcon_meta) check parameters
[0.312s] Level 1:colcon.colcon_core.package_discovery:discover_packages(recursive) check parameters
[0.312s] Level 1:colcon.colcon_core.package_discovery:discover_packages(ignore) check parameters
[0.312s] Level 1:colcon.colcon_core.package_discovery:discover_packages(path) check parameters
[0.312s] Level 1:colcon.colcon_core.package_discovery:discover_packages(colcon_meta) discover
[0.312s] Level 1:colcon.colcon_core.package_discovery:discover_packages(recursive) discover
[0.312s] INFO:colcon.colcon_core.package_discovery:Crawling recursively for packages in '/home/yamaguchi-a/turtlebot3_ws/src/nav2_send_goal'
[0.313s] Level 1:colcon.colcon_core.package_identification:_identify(.) by extensions ['ignore', 'ignore_ament_install']
[0.313s] Level 1:colcon.colcon_core.package_identification:_identify(.) by extension 'ignore'
[0.313s] Level 1:colcon.colcon_core.package_identification:_identify(.) by extension 'ignore_ament_install'
[0.313s] Level 1:colcon.colcon_core.package_identification:_identify(.) by extensions ['colcon_pkg']
[0.313s] Level 1:colcon.colcon_core.package_identification:_identify(.) by extension 'colcon_pkg'
[0.313s] Level 1:colcon.colcon_core.package_identification:_identify(.) by extensions ['colcon_meta']
[0.313s] Level 1:colcon.colcon_core.package_identification:_identify(.) by extension 'colcon_meta'
[0.313s] Level 1:colcon.colcon_core.package_identification:_identify(.) by extensions ['ros']
[0.313s] Level 1:colcon.colcon_core.package_identification:_identify(.) by extension 'ros'
[0.327s] DEBUG:colcon.colcon_core.package_identification:Package '.' with type 'ros.ament_cmake' and name 'nav2_send_goal'
[0.328s] Level 1:colcon.colcon_core.package_discovery:discover_packages(recursive) using defaults
[0.328s] Level 1:colcon.colcon_core.package_discovery:discover_packages(ignore) discover
[0.328s] Level 1:colcon.colcon_core.package_discovery:discover_packages(ignore) using defaults
[0.328s] Level 1:colcon.colcon_core.package_discovery:discover_packages(path) discover
[0.328s] Level 1:colcon.colcon_core.package_discovery:discover_packages(path) using defaults
[0.350s] Level 1:colcon.colcon_core.package_discovery:discover_packages(prefix_path) check parameters
[0.350s] Level 1:colcon.colcon_core.package_discovery:discover_packages(prefix_path) discover
[0.352s] DEBUG:colcon.colcon_installed_package_information.package_discovery:Found 4 installed packages in /home/yamaguchi-a/turtlebot3_ws/install
[0.363s] DEBUG:colcon.colcon_installed_package_information.package_discovery:Found 0 installed packages in /home/yamaguchi-a/ros2_ws/install
[0.365s] DEBUG:colcon.colcon_installed_package_information.package_discovery:Found 388 installed packages in /opt/ros/humble
[0.366s] Level 1:colcon.colcon_core.package_discovery:discover_packages(prefix_path) using defaults
[0.423s] Level 5:colcon.colcon_core.verb:set package 'nav2_send_goal' build argument 'cmake_args' from command line to 'None'
[0.423s] Level 5:colcon.colcon_core.verb:set package 'nav2_send_goal' build argument 'cmake_target' from command line to 'None'
[0.423s] Level 5:colcon.colcon_core.verb:set package 'nav2_send_goal' build argument 'cmake_target_skip_unavailable' from command line to 'False'
[0.423s] Level 5:colcon.colcon_core.verb:set package 'nav2_send_goal' build argument 'cmake_clean_cache' from command line to 'False'
[0.423s] Level 5:colcon.colcon_core.verb:set package 'nav2_send_goal' build argument 'cmake_clean_first' from command line to 'False'
[0.423s] Level 5:colcon.colcon_core.verb:set package 'nav2_send_goal' build argument 'cmake_force_configure' from command line to 'False'
[0.423s] Level 5:colcon.colcon_core.verb:set package 'nav2_send_goal' build argument 'ament_cmake_args' from command line to 'None'
[0.423s] Level 5:colcon.colcon_core.verb:set package 'nav2_send_goal' build argument 'catkin_cmake_args' from command line to 'None'
[0.423s] Level 5:colcon.colcon_core.verb:set package 'nav2_send_goal' build argument 'catkin_skip_building_tests' from command line to 'False'
[0.423s] DEBUG:colcon.colcon_core.verb:Building package 'nav2_send_goal' with the following arguments: {'ament_cmake_args': None, 'build_base': '/home/yamaguchi-a/turtlebot3_ws/src/nav2_send_goal/build/nav2_send_goal', 'catkin_cmake_args': None, 'catkin_skip_building_tests': False, 'cmake_args': None, 'cmake_clean_cache': False, 'cmake_clean_first': False, 'cmake_force_configure': False, 'cmake_target': None, 'cmake_target_skip_unavailable': False, 'install_base': '/home/yamaguchi-a/turtlebot3_ws/src/nav2_send_goal/install/nav2_send_goal', 'merge_install': False, 'path': '/home/yamaguchi-a/turtlebot3_ws/src/nav2_send_goal', 'symlink_install': False, 'test_result_base': None}
[0.423s] INFO:colcon.colcon_core.executor:Executing jobs using 'parallel' executor
[0.424s] DEBUG:colcon.colcon_parallel_executor.executor.parallel:run_until_complete
[0.424s] INFO:colcon.colcon_ros.task.ament_cmake.build:Building ROS package in '/home/yamaguchi-a/turtlebot3_ws/src/nav2_send_goal' with build type 'ament_cmake'
[0.425s] INFO:colcon.colcon_cmake.task.cmake.build:Building CMake package in '/home/yamaguchi-a/turtlebot3_ws/src/nav2_send_goal'
[0.427s] INFO:colcon.colcon_core.plugin_system:Skipping extension 'colcon_core.shell.bat': Not used on non-Windows systems
[0.427s] INFO:colcon.colcon_core.shell:Skip shell extension 'powershell' for command environment: Not usable outside of PowerShell
[0.427s] DEBUG:colcon.colcon_core.shell:Skip shell extension 'dsv' for command environment
[0.441s] DEBUG:colcon.colcon_core.event_handler.log_command:Invoking command in '/home/yamaguchi-a/turtlebot3_ws/src/nav2_send_goal/build/nav2_send_goal': CMAKE_PREFIX_PATH=${CMAKE_PREFIX_PATH}:/opt/ros/humble /usr/bin/cmake --build /home/yamaguchi-a/turtlebot3_ws/src/nav2_send_goal/build/nav2_send_goal -- -j8 -l8
[9.328s] DEBUG:colcon.colcon_core.event_handler.log_command:Invoked command in '/home/yamaguchi-a/turtlebot3_ws/src/nav2_send_goal/build/nav2_send_goal' returned '0': CMAKE_PREFIX_PATH=${CMAKE_PREFIX_PATH}:/opt/ros/humble /usr/bin/cmake --build /home/yamaguchi-a/turtlebot3_ws/src/nav2_send_goal/build/nav2_send_goal -- -j8 -l8
[9.362s] DEBUG:colcon.colcon_core.event_handler.log_command:Invoking command in '/home/yamaguchi-a/turtlebot3_ws/src/nav2_send_goal/build/nav2_send_goal': CMAKE_PREFIX_PATH=${CMAKE_PREFIX_PATH}:/opt/ros/humble /usr/bin/cmake --install /home/yamaguchi-a/turtlebot3_ws/src/nav2_send_goal/build/nav2_send_goal
[9.376s] Level 1:colcon.colcon_core.environment:create_environment_scripts_only(nav2_send_goal)
[9.376s] DEBUG:colcon.colcon_core.event_handler.log_command:Invoked command in '/home/yamaguchi-a/turtlebot3_ws/src/nav2_send_goal/build/nav2_send_goal' returned '0': CMAKE_PREFIX_PATH=${CMAKE_PREFIX_PATH}:/opt/ros/humble /usr/bin/cmake --install /home/yamaguchi-a/turtlebot3_ws/src/nav2_send_goal/build/nav2_send_goal
[9.378s] Level 1:colcon.colcon_core.environment:checking '/home/yamaguchi-a/turtlebot3_ws/src/nav2_send_goal/install/nav2_send_goal' for CMake module files
[9.379s] Level 1:colcon.colcon_core.environment:checking '/home/yamaguchi-a/turtlebot3_ws/src/nav2_send_goal/install/nav2_send_goal' for CMake config files
[9.379s] Level 1:colcon.colcon_core.shell:create_environment_hook('nav2_send_goal', 'cmake_prefix_path')
[9.379s] INFO:colcon.colcon_core.shell:Creating environment hook '/home/yamaguchi-a/turtlebot3_ws/src/nav2_send_goal/install/nav2_send_goal/share/nav2_send_goal/hook/cmake_prefix_path.ps1'
[9.380s] INFO:colcon.colcon_core.shell:Creating environment descriptor '/home/yamaguchi-a/turtlebot3_ws/src/nav2_send_goal/install/nav2_send_goal/share/nav2_send_goal/hook/cmake_prefix_path.dsv'
[9.380s] INFO:colcon.colcon_core.shell:Creating environment hook '/home/yamaguchi-a/turtlebot3_ws/src/nav2_send_goal/install/nav2_send_goal/share/nav2_send_goal/hook/cmake_prefix_path.sh'
[9.381s] Level 1:colcon.colcon_core.environment:checking '/home/yamaguchi-a/turtlebot3_ws/src/nav2_send_goal/install/nav2_send_goal/lib'
[9.381s] Level 1:colcon.colcon_core.environment:checking '/home/yamaguchi-a/turtlebot3_ws/src/nav2_send_goal/install/nav2_send_goal/bin'
[9.381s] Level 1:colcon.colcon_core.environment:checking '/home/yamaguchi-a/turtlebot3_ws/src/nav2_send_goal/install/nav2_send_goal/lib/pkgconfig/nav2_send_goal.pc'
[9.381s] Level 1:colcon.colcon_core.environment:checking '/home/yamaguchi-a/turtlebot3_ws/src/nav2_send_goal/install/nav2_send_goal/lib/python3.10/site-packages'
[9.382s] Level 1:colcon.colcon_core.environment:checking '/home/yamaguchi-a/turtlebot3_ws/src/nav2_send_goal/install/nav2_send_goal/bin'
[9.382s] INFO:colcon.colcon_core.shell:Creating package script '/home/yamaguchi-a/turtlebot3_ws/src/nav2_send_goal/install/nav2_send_goal/share/nav2_send_goal/package.ps1'
[9.383s] INFO:colcon.colcon_core.shell:Creating package descriptor '/home/yamaguchi-a/turtlebot3_ws/src/nav2_send_goal/install/nav2_send_goal/share/nav2_send_goal/package.dsv'
[9.383s] INFO:colcon.colcon_core.shell:Creating package script '/home/yamaguchi-a/turtlebot3_ws/src/nav2_send_goal/install/nav2_send_goal/share/nav2_send_goal/package.sh'
[9.384s] INFO:colcon.colcon_core.shell:Creating package script '/home/yamaguchi-a/turtlebot3_ws/src/nav2_send_goal/install/nav2_send_goal/share/nav2_send_goal/package.bash'
[9.384s] INFO:colcon.colcon_core.shell:Creating package script '/home/yamaguchi-a/turtlebot3_ws/src/nav2_send_goal/install/nav2_send_goal/share/nav2_send_goal/package.zsh'
[9.385s] Level 1:colcon.colcon_core.environment:create_file_with_runtime_dependencies(/home/yamaguchi-a/turtlebot3_ws/src/nav2_send_goal/install/nav2_send_goal/share/colcon-core/packages/nav2_send_goal)
[9.411s] Level 1:colcon.colcon_core.environment:create_environment_scripts_only(nav2_send_goal)
[9.412s] Level 1:colcon.colcon_core.environment:checking '/home/yamaguchi-a/turtlebot3_ws/src/nav2_send_goal/install/nav2_send_goal' for CMake module files
[9.412s] Level 1:colcon.colcon_core.environment:checking '/home/yamaguchi-a/turtlebot3_ws/src/nav2_send_goal/install/nav2_send_goal' for CMake config files
[9.412s] Level 1:colcon.colcon_core.shell:create_environment_hook('nav2_send_goal', 'cmake_prefix_path')
[9.412s] INFO:colcon.colcon_core.shell:Creating environment hook '/home/yamaguchi-a/turtlebot3_ws/src/nav2_send_goal/install/nav2_send_goal/share/nav2_send_goal/hook/cmake_prefix_path.ps1'
[9.413s] INFO:colcon.colcon_core.shell:Creating environment descriptor '/home/yamaguchi-a/turtlebot3_ws/src/nav2_send_goal/install/nav2_send_goal/share/nav2_send_goal/hook/cmake_prefix_path.dsv'
[9.413s] INFO:colcon.colcon_core.shell:Creating environment hook '/home/yamaguchi-a/turtlebot3_ws/src/nav2_send_goal/install/nav2_send_goal/share/nav2_send_goal/hook/cmake_prefix_path.sh'
[9.414s] Level 1:colcon.colcon_core.environment:checking '/home/yamaguchi-a/turtlebot3_ws/src/nav2_send_goal/install/nav2_send_goal/lib'
[9.414s] Level 1:colcon.colcon_core.environment:checking '/home/yamaguchi-a/turtlebot3_ws/src/nav2_send_goal/install/nav2_send_goal/bin'
[9.414s] Level 1:colcon.colcon_core.environment:checking '/home/yamaguchi-a/turtlebot3_ws/src/nav2_send_goal/install/nav2_send_goal/lib/pkgconfig/nav2_send_goal.pc'
[9.414s] Level 1:colcon.colcon_core.environment:checking '/home/yamaguchi-a/turtlebot3_ws/src/nav2_send_goal/install/nav2_send_goal/lib/python3.10/site-packages'
[9.414s] Level 1:colcon.colcon_core.environment:checking '/home/yamaguchi-a/turtlebot3_ws/src/nav2_send_goal/install/nav2_send_goal/bin'
[9.414s] INFO:colcon.colcon_core.shell:Creating package script '/home/yamaguchi-a/turtlebot3_ws/src/nav2_send_goal/install/nav2_send_goal/share/nav2_send_goal/package.ps1'
[9.415s] INFO:colcon.colcon_core.shell:Creating package descriptor '/home/yamaguchi-a/turtlebot3_ws/src/nav2_send_goal/install/nav2_send_goal/share/nav2_send_goal/package.dsv'
[9.415s] INFO:colcon.colcon_core.shell:Creating package script '/home/yamaguchi-a/turtlebot3_ws/src/nav2_send_goal/install/nav2_send_goal/share/nav2_send_goal/package.sh'
[9.416s] INFO:colcon.colcon_core.shell:Creating package script '/home/yamaguchi-a/turtlebot3_ws/src/nav2_send_goal/install/nav2_send_goal/share/nav2_send_goal/package.bash'
[9.416s] INFO:colcon.colcon_core.shell:Creating package script '/home/yamaguchi-a/turtlebot3_ws/src/nav2_send_goal/install/nav2_send_goal/share/nav2_send_goal/package.zsh'
[9.416s] Level 1:colcon.colcon_core.environment:create_file_with_runtime_dependencies(/home/yamaguchi-a/turtlebot3_ws/src/nav2_send_goal/install/nav2_send_goal/share/colcon-core/packages/nav2_send_goal)
[9.417s] DEBUG:colcon.colcon_parallel_executor.executor.parallel:closing loop
[9.417s] DEBUG:colcon.colcon_parallel_executor.executor.parallel:loop closed
[9.417s] DEBUG:colcon.colcon_parallel_executor.executor.parallel:run_until_complete finished with '0'
[9.417s] DEBUG:colcon.colcon_core.event_reactor:joining thread
[9.423s] INFO:colcon.colcon_core.plugin_system:Skipping extension 'colcon_notification.desktop_notification.terminal_notifier': Not used on non-Darwin systems
[9.423s] INFO:colcon.colcon_core.plugin_system:Skipping extension 'colcon_notification.desktop_notification.win32': Not used on non-Windows systems
[9.423s] INFO:colcon.colcon_notification.desktop_notification:Sending desktop notification using 'notify2'
[9.434s] DEBUG:colcon.colcon_core.event_reactor:joined thread
[9.434s] INFO:colcon.colcon_core.shell:Creating prefix script '/home/yamaguchi-a/turtlebot3_ws/src/nav2_send_goal/install/local_setup.ps1'
[9.436s] INFO:colcon.colcon_core.shell:Creating prefix util module '/home/yamaguchi-a/turtlebot3_ws/src/nav2_send_goal/install/_local_setup_util_ps1.py'
[9.437s] INFO:colcon.colcon_core.shell:Creating prefix chain script '/home/yamaguchi-a/turtlebot3_ws/src/nav2_send_goal/install/setup.ps1'
[9.438s] INFO:colcon.colcon_core.shell:Creating prefix script '/home/yamaguchi-a/turtlebot3_ws/src/nav2_send_goal/install/local_setup.sh'
[9.439s] INFO:colcon.colcon_core.shell:Creating prefix util module '/home/yamaguchi-a/turtlebot3_ws/src/nav2_send_goal/install/_local_setup_util_sh.py'
[9.439s] INFO:colcon.colcon_core.shell:Creating prefix chain script '/home/yamaguchi-a/turtlebot3_ws/src/nav2_send_goal/install/setup.sh'
[9.441s] INFO:colcon.colcon_core.shell:Creating prefix script '/home/yamaguchi-a/turtlebot3_ws/src/nav2_send_goal/install/local_setup.bash'
[9.441s] INFO:colcon.colcon_core.shell:Creating prefix chain script '/home/yamaguchi-a/turtlebot3_ws/src/nav2_send_goal/install/setup.bash'
[9.442s] INFO:colcon.colcon_core.shell:Creating prefix script '/home/yamaguchi-a/turtlebot3_ws/src/nav2_send_goal/install/local_setup.zsh'
[9.443s] INFO:colcon.colcon_core.shell:Creating prefix chain script '/home/yamaguchi-a/turtlebot3_ws/src/nav2_send_goal/install/setup.zsh'
