[0.014s] Invoking command in '/home/yamaguchi-a/turtlebot3_ws/src/nav2_send_goal/build/nav2_send_goal': CMAKE_PREFIX_PATH=${CMAKE_PREFIX_PATH}:/opt/ros/humble /usr/bin/cmake --build /home/yamaguchi-a/turtlebot3_ws/src/nav2_send_goal/build/nav2_send_goal -- -j8 -l8
[0.056s] -- Found rclcpp: 16.0.10 (/opt/ros/humble/share/rclcpp/cmake)
[0.235s] -- Found rosidl_generator_c: 3.1.5 (/opt/ros/humble/share/rosidl_generator_c/cmake)
[0.238s] -- Found rosidl_adapter: 3.1.5 (/opt/ros/humble/share/rosidl_adapter/cmake)
[0.247s] -- Found rosidl_generator_cpp: 3.1.5 (/opt/ros/humble/share/rosidl_generator_cpp/cmake)
[0.261s] -- Using all available rosidl_typesupport_c: rosidl_typesupport_fastrtps_c;rosidl_typesupport_introspection_c
[0.279s] -- Using all available rosidl_typesupport_cpp: rosidl_typesupport_fastrtps_cpp;rosidl_typesupport_introspection_cpp
[0.324s] -- Found rmw_implementation_cmake: 6.1.2 (/opt/ros/humble/share/rmw_implementation_cmake/cmake)
[0.326s] -- Found rmw_fastrtps_cpp: 6.2.7 (/opt/ros/humble/share/rmw_fastrtps_cpp/cmake)
[0.436s] -- Using RMW implementation 'rmw_fastrtps_cpp' as default
[0.504s] -- Found rclcpp_action: 16.0.10 (/opt/ros/humble/share/rclcpp_action/cmake)
[0.544s] -- Found nav2_msgs: 1.1.15 (/opt/ros/humble/share/nav2_msgs/cmake)
[0.610s] -- Found tf2: 0.25.7 (/opt/ros/humble/share/tf2/cmake)
[0.616s] -- Found tf2_geometry_msgs: 0.25.7 (/opt/ros/humble/share/tf2_geometry_msgs/cmake)
[0.620s] -- Found eigen3_cmake_module: 0.1.1 (/opt/ros/humble/share/eigen3_cmake_module/cmake)
[0.621s] -- Ensuring Eigen3 include directory is part of orocos-kdl CMake target
[0.684s] -- Found ament_cmake_auto: 1.3.10 (/opt/ros/humble/share/ament_cmake_auto/cmake)
[0.754s] -- Found ament_lint_auto: 0.12.11 (/opt/ros/humble/share/ament_lint_auto/cmake)
[0.823s] -- Added test 'cppcheck' to perform static code analysis on C / C++ code
[0.823s] -- Configured cppcheck include dirs: /home/yamaguchi-a/turtlebot3_ws/src/nav2_send_goal/include
[0.823s] -- Configured cppcheck exclude dirs and/or files: 
[0.831s] -- Added test 'flake8' to check Python code syntax and style conventions
[0.843s] -- Added test 'lint_cmake' to check CMake code style
[0.850s] -- Added test 'pep257' to check Python code against some of the docstring style conventions in PEP 257
[0.901s] -- Added test 'uncrustify' to check C / C++ code style
[0.901s] -- Configured uncrustify additional arguments: 
[0.908s] -- Added test 'xmllint' to check XML markup files
[0.910s] -- Configuring done
[0.937s] -- Generating done
[0.939s] -- Build files have been written to: /home/yamaguchi-a/turtlebot3_ws/src/nav2_send_goal/build/nav2_send_goal
[0.966s] [35m[1mConsolidate compiler generated dependencies of target publish_point[0m
[0.967s] [35m[1mConsolidate compiler generated dependencies of target move_point[0m
[0.968s] [35m[1mConsolidate compiler generated dependencies of target nav2_send_goal[0m
[0.976s] [ 11%] [32mBuilding CXX object CMakeFiles/publish_area.dir/src/publish_area.cpp.o[0m
[0.996s] [ 33%] [32mBuilding CXX object CMakeFiles/publish_point.dir/src/publish_point.cpp.o[0m
[0.996s] [ 33%] [32mBuilding CXX object CMakeFiles/move_point.dir/src/move_point.cpp.o[0m
[1.001s] [ 44%] [32mBuilding CXX object CMakeFiles/nav2_send_goal.dir/src/nav2_send_goal_node.cpp.o[0m
[1.001s] [ 55%] [32mBuilding CXX object CMakeFiles/nav2_send_goal.dir/src/nav2_send_goal.cpp.o[0m
[7.497s] [ 66%] [32m[1mLinking CXX executable publish_area[0m
[7.702s] [ 77%] [32m[1mLinking CXX executable publish_point[0m
[7.760s] [ 77%] Built target publish_area
[7.970s] [ 77%] Built target publish_point
[14.923s] [ 88%] [32m[1mLinking CXX executable move_point[0m
[15.746s] [ 88%] Built target move_point
[17.552s] [100%] [32m[1mLinking CXX executable nav2_send_goal[0m
[18.404s] [100%] Built target nav2_send_goal
[18.416s] Invoked command in '/home/yamaguchi-a/turtlebot3_ws/src/nav2_send_goal/build/nav2_send_goal' returned '0': CMAKE_PREFIX_PATH=${CMAKE_PREFIX_PATH}:/opt/ros/humble /usr/bin/cmake --build /home/yamaguchi-a/turtlebot3_ws/src/nav2_send_goal/build/nav2_send_goal -- -j8 -l8
[18.459s] Invoking command in '/home/yamaguchi-a/turtlebot3_ws/src/nav2_send_goal/build/nav2_send_goal': CMAKE_PREFIX_PATH=${CMAKE_PREFIX_PATH}:/opt/ros/humble /usr/bin/cmake --install /home/yamaguchi-a/turtlebot3_ws/src/nav2_send_goal/build/nav2_send_goal
[18.467s] -- Install configuration: ""
[18.468s] -- Installing: /home/yamaguchi-a/turtlebot3_ws/src/nav2_send_goal/install/nav2_send_goal/lib/nav2_send_goal/nav2_send_goal
[18.474s] -- Set runtime path of "/home/yamaguchi-a/turtlebot3_ws/src/nav2_send_goal/install/nav2_send_goal/lib/nav2_send_goal/nav2_send_goal" to ""
[18.474s] -- Installing: /home/yamaguchi-a/turtlebot3_ws/src/nav2_send_goal/install/nav2_send_goal/lib/nav2_send_goal/publish_point
[18.475s] -- Set runtime path of "/home/yamaguchi-a/turtlebot3_ws/src/nav2_send_goal/install/nav2_send_goal/lib/nav2_send_goal/publish_point" to ""
[18.476s] -- Installing: /home/yamaguchi-a/turtlebot3_ws/src/nav2_send_goal/install/nav2_send_goal/lib/nav2_send_goal/move_point
[18.481s] -- Set runtime path of "/home/yamaguchi-a/turtlebot3_ws/src/nav2_send_goal/install/nav2_send_goal/lib/nav2_send_goal/move_point" to ""
[18.481s] -- Installing: /home/yamaguchi-a/turtlebot3_ws/src/nav2_send_goal/install/nav2_send_goal/lib/nav2_send_goal/publish_area
[18.482s] -- Set runtime path of "/home/yamaguchi-a/turtlebot3_ws/src/nav2_send_goal/install/nav2_send_goal/lib/nav2_send_goal/publish_area" to ""
[18.482s] -- Up-to-date: /home/yamaguchi-a/turtlebot3_ws/src/nav2_send_goal/install/nav2_send_goal/include
[18.482s] -- Up-to-date: /home/yamaguchi-a/turtlebot3_ws/src/nav2_send_goal/install/nav2_send_goal/include/nav2_send_goal
[18.482s] -- Installing: /home/yamaguchi-a/turtlebot3_ws/src/nav2_send_goal/install/nav2_send_goal/include/nav2_send_goal/nav2_send_goal.hpp
[18.482s] -- Up-to-date: /home/yamaguchi-a/turtlebot3_ws/src/nav2_send_goal/install/nav2_send_goal/lib/nav2_send_goal/nav2_send_goal
[18.482s] -- Up-to-date: /home/yamaguchi-a/turtlebot3_ws/src/nav2_send_goal/install/nav2_send_goal/lib/nav2_send_goal/publish_point
[18.483s] -- Up-to-date: /home/yamaguchi-a/turtlebot3_ws/src/nav2_send_goal/install/nav2_send_goal/lib/nav2_send_goal/move_point
[18.483s] -- Up-to-date: /home/yamaguchi-a/turtlebot3_ws/src/nav2_send_goal/install/nav2_send_goal/lib/nav2_send_goal/publish_area
[18.483s] -- Up-to-date: /home/yamaguchi-a/turtlebot3_ws/src/nav2_send_goal/install/nav2_send_goal/share/nav2_send_goal/launch
[18.483s] -- Up-to-date: /home/yamaguchi-a/turtlebot3_ws/src/nav2_send_goal/install/nav2_send_goal/share/nav2_send_goal/launch/start.launch.xml
[18.483s] -- Up-to-date: /home/yamaguchi-a/turtlebot3_ws/src/nav2_send_goal/install/nav2_send_goal/share/ament_index/resource_index/package_run_dependencies/nav2_send_goal
[18.483s] -- Installing: /home/yamaguchi-a/turtlebot3_ws/src/nav2_send_goal/install/nav2_send_goal/share/ament_index/resource_index/parent_prefix_path/nav2_send_goal
[18.483s] -- Up-to-date: /home/yamaguchi-a/turtlebot3_ws/src/nav2_send_goal/install/nav2_send_goal/share/nav2_send_goal/environment/ament_prefix_path.sh
[18.483s] -- Installing: /home/yamaguchi-a/turtlebot3_ws/src/nav2_send_goal/install/nav2_send_goal/share/nav2_send_goal/environment/ament_prefix_path.dsv
[18.484s] -- Up-to-date: /home/yamaguchi-a/turtlebot3_ws/src/nav2_send_goal/install/nav2_send_goal/share/nav2_send_goal/environment/path.sh
[18.484s] -- Installing: /home/yamaguchi-a/turtlebot3_ws/src/nav2_send_goal/install/nav2_send_goal/share/nav2_send_goal/environment/path.dsv
[18.484s] -- Up-to-date: /home/yamaguchi-a/turtlebot3_ws/src/nav2_send_goal/install/nav2_send_goal/share/nav2_send_goal/local_setup.bash
[18.484s] -- Up-to-date: /home/yamaguchi-a/turtlebot3_ws/src/nav2_send_goal/install/nav2_send_goal/share/nav2_send_goal/local_setup.sh
[18.484s] -- Up-to-date: /home/yamaguchi-a/turtlebot3_ws/src/nav2_send_goal/install/nav2_send_goal/share/nav2_send_goal/local_setup.zsh
[18.484s] -- Installing: /home/yamaguchi-a/turtlebot3_ws/src/nav2_send_goal/install/nav2_send_goal/share/nav2_send_goal/local_setup.dsv
[18.484s] -- Installing: /home/yamaguchi-a/turtlebot3_ws/src/nav2_send_goal/install/nav2_send_goal/share/nav2_send_goal/package.dsv
[18.484s] -- Up-to-date: /home/yamaguchi-a/turtlebot3_ws/src/nav2_send_goal/install/nav2_send_goal/share/ament_index/resource_index/packages/nav2_send_goal
[18.484s] -- Up-to-date: /home/yamaguchi-a/turtlebot3_ws/src/nav2_send_goal/install/nav2_send_goal/share/nav2_send_goal/cmake/ament_cmake_export_include_directories-extras.cmake
[18.484s] -- Up-to-date: /home/yamaguchi-a/turtlebot3_ws/src/nav2_send_goal/install/nav2_send_goal/share/nav2_send_goal/cmake/nav2_send_goalConfig.cmake
[18.484s] -- Up-to-date: /home/yamaguchi-a/turtlebot3_ws/src/nav2_send_goal/install/nav2_send_goal/share/nav2_send_goal/cmake/nav2_send_goalConfig-version.cmake
[18.485s] -- Up-to-date: /home/yamaguchi-a/turtlebot3_ws/src/nav2_send_goal/install/nav2_send_goal/share/nav2_send_goal/package.xml
[18.486s] Invoked command in '/home/yamaguchi-a/turtlebot3_ws/src/nav2_send_goal/build/nav2_send_goal' returned '0': CMAKE_PREFIX_PATH=${CMAKE_PREFIX_PATH}:/opt/ros/humble /usr/bin/cmake --install /home/yamaguchi-a/turtlebot3_ws/src/nav2_send_goal/build/nav2_send_goal
