[0.343s] DEBUG:colcon:Command line arguments: ['/usr/bin/colcon', 'build']
[0.343s] DEBUG:colcon:Parsed command line arguments: Namespace(log_base=None, log_level=None, verb_name='build', build_base='build', install_base='install', merge_install=False, symlink_install=False, test_result_base=None, continue_on_error=False, executor='parallel', parallel_workers=8, event_handlers=None, ignore_user_meta=False, metas=['./colcon.meta'], base_paths=['.'], packages_ignore=None, packages_ignore_regex=None, paths=None, packages_up_to=None, packages_up_to_regex=None, packages_above=None, packages_above_and_dependencies=None, packages_above_depth=None, packages_select_by_dep=None, packages_skip_by_dep=None, packages_skip_up_to=None, packages_select_build_failed=False, packages_skip_build_finished=False, packages_select_test_failures=False, packages_skip_test_passed=False, packages_select=None, packages_skip=None, packages_select_regex=None, packages_skip_regex=None, packages_start=None, packages_end=None, allow_overriding=[], cmake_args=None, cmake_target=None, cmake_target_skip_unavailable=False, cmake_clean_cache=False, cmake_clean_first=False, cmake_force_configure=False, ament_cmake_args=None, catkin_cmake_args=None, catkin_skip_building_tests=False, mixin_files=None, mixin=None, verb_parser=<colcon_mixin.mixin.mixin_argument.MixinArgumentDecorator object at 0x77fcab24eb60>, verb_extension=<colcon_core.verb.build.BuildVerb object at 0x77fcab24e5f0>, main=<bound method BuildVerb.main of <colcon_core.verb.build.BuildVerb object at 0x77fcab24e5f0>>, mixin_verb=('build',))
[0.858s] Level 1:colcon.colcon_core.package_discovery:discover_packages(colcon_meta) check parameters
[0.858s] Level 1:colcon.colcon_core.package_discovery:discover_packages(recursive) check parameters
[0.859s] Level 1:colcon.colcon_core.package_discovery:discover_packages(ignore) check parameters
[0.859s] Level 1:colcon.colcon_core.package_discovery:discover_packages(path) check parameters
[0.860s] Level 1:colcon.colcon_core.package_discovery:discover_packages(colcon_meta) discover
[0.860s] Level 1:colcon.colcon_core.package_discovery:discover_packages(recursive) discover
[0.861s] INFO:colcon.colcon_core.package_discovery:Crawling recursively for packages in '/home/yamaguchi-a/turtlebot3_ws/src/nav2_send_goal'
[0.861s] Level 1:colcon.colcon_core.package_identification:_identify(.) by extensions ['ignore', 'ignore_ament_install']
[0.862s] Level 1:colcon.colcon_core.package_identification:_identify(.) by extension 'ignore'
[0.862s] Level 1:colcon.colcon_core.package_identification:_identify(.) by extension 'ignore_ament_install'
[0.862s] Level 1:colcon.colcon_core.package_identification:_identify(.) by extensions ['colcon_pkg']
[0.863s] Level 1:colcon.colcon_core.package_identification:_identify(.) by extension 'colcon_pkg'
[0.863s] Level 1:colcon.colcon_core.package_identification:_identify(.) by extensions ['colcon_meta']
[0.863s] Level 1:colcon.colcon_core.package_identification:_identify(.) by extension 'colcon_meta'
[0.863s] Level 1:colcon.colcon_core.package_identification:_identify(.) by extensions ['ros']
[0.863s] Level 1:colcon.colcon_core.package_identification:_identify(.) by extension 'ros'
[0.916s] DEBUG:colcon.colcon_core.package_identification:Package '.' with type 'ros.ament_cmake' and name 'nav2_send_goal'
[0.916s] Level 1:colcon.colcon_core.package_discovery:discover_packages(recursive) using defaults
[0.917s] Level 1:colcon.colcon_core.package_discovery:discover_packages(ignore) discover
[0.917s] Level 1:colcon.colcon_core.package_discovery:discover_packages(ignore) using defaults
[0.917s] Level 1:colcon.colcon_core.package_discovery:discover_packages(path) discover
[0.917s] Level 1:colcon.colcon_core.package_discovery:discover_packages(path) using defaults
[1.025s] Level 1:colcon.colcon_core.package_discovery:discover_packages(prefix_path) check parameters
[1.026s] Level 1:colcon.colcon_core.package_discovery:discover_packages(prefix_path) discover
[1.037s] DEBUG:colcon.colcon_installed_package_information.package_discovery:Found 4 installed packages in /home/yamaguchi-a/turtlebot3_ws/install
[1.108s] DEBUG:colcon.colcon_installed_package_information.package_discovery:Found 0 installed packages in /home/yamaguchi-a/ros2_ws/install
[1.118s] DEBUG:colcon.colcon_installed_package_information.package_discovery:Found 388 installed packages in /opt/ros/humble
[1.130s] Level 1:colcon.colcon_core.package_discovery:discover_packages(prefix_path) using defaults
[1.380s] Level 5:colcon.colcon_core.verb:set package 'nav2_send_goal' build argument 'cmake_args' from command line to 'None'
[1.381s] Level 5:colcon.colcon_core.verb:set package 'nav2_send_goal' build argument 'cmake_target' from command line to 'None'
[1.381s] Level 5:colcon.colcon_core.verb:set package 'nav2_send_goal' build argument 'cmake_target_skip_unavailable' from command line to 'False'
[1.381s] Level 5:colcon.colcon_core.verb:set package 'nav2_send_goal' build argument 'cmake_clean_cache' from command line to 'False'
[1.381s] Level 5:colcon.colcon_core.verb:set package 'nav2_send_goal' build argument 'cmake_clean_first' from command line to 'False'
[1.381s] Level 5:colcon.colcon_core.verb:set package 'nav2_send_goal' build argument 'cmake_force_configure' from command line to 'False'
[1.381s] Level 5:colcon.colcon_core.verb:set package 'nav2_send_goal' build argument 'ament_cmake_args' from command line to 'None'
[1.381s] Level 5:colcon.colcon_core.verb:set package 'nav2_send_goal' build argument 'catkin_cmake_args' from command line to 'None'
[1.381s] Level 5:colcon.colcon_core.verb:set package 'nav2_send_goal' build argument 'catkin_skip_building_tests' from command line to 'False'
[1.381s] DEBUG:colcon.colcon_core.verb:Building package 'nav2_send_goal' with the following arguments: {'ament_cmake_args': None, 'build_base': '/home/yamaguchi-a/turtlebot3_ws/src/nav2_send_goal/build/nav2_send_goal', 'catkin_cmake_args': None, 'catkin_skip_building_tests': False, 'cmake_args': None, 'cmake_clean_cache': False, 'cmake_clean_first': False, 'cmake_force_configure': False, 'cmake_target': None, 'cmake_target_skip_unavailable': False, 'install_base': '/home/yamaguchi-a/turtlebot3_ws/src/nav2_send_goal/install/nav2_send_goal', 'merge_install': False, 'path': '/home/yamaguchi-a/turtlebot3_ws/src/nav2_send_goal', 'symlink_install': False, 'test_result_base': None}
[1.382s] INFO:colcon.colcon_core.executor:Executing jobs using 'parallel' executor
[1.386s] DEBUG:colcon.colcon_parallel_executor.executor.parallel:run_until_complete
[1.387s] INFO:colcon.colcon_ros.task.ament_cmake.build:Building ROS package in '/home/yamaguchi-a/turtlebot3_ws/src/nav2_send_goal' with build type 'ament_cmake'
[1.388s] INFO:colcon.colcon_cmake.task.cmake.build:Building CMake package in '/home/yamaguchi-a/turtlebot3_ws/src/nav2_send_goal'
[1.397s] INFO:colcon.colcon_core.plugin_system:Skipping extension 'colcon_core.shell.bat': Not used on non-Windows systems
[1.398s] INFO:colcon.colcon_core.shell:Skip shell extension 'powershell' for command environment: Not usable outside of PowerShell
[1.398s] DEBUG:colcon.colcon_core.shell:Skip shell extension 'dsv' for command environment
[1.431s] DEBUG:colcon.colcon_core.event_handler.log_command:Invoking command in '/home/yamaguchi-a/turtlebot3_ws/src/nav2_send_goal/build/nav2_send_goal': CMAKE_PREFIX_PATH=${CMAKE_PREFIX_PATH}:/opt/ros/humble /usr/bin/cmake --build /home/yamaguchi-a/turtlebot3_ws/src/nav2_send_goal/build/nav2_send_goal -- -j8 -l8
[1.703s] DEBUG:colcon.colcon_core.event_handler.log_command:Invoked command in '/home/yamaguchi-a/turtlebot3_ws/src/nav2_send_goal/build/nav2_send_goal' returned '0': CMAKE_PREFIX_PATH=${CMAKE_PREFIX_PATH}:/opt/ros/humble /usr/bin/cmake --build /home/yamaguchi-a/turtlebot3_ws/src/nav2_send_goal/build/nav2_send_goal -- -j8 -l8
[1.856s] DEBUG:colcon.colcon_core.event_handler.log_command:Invoking command in '/home/yamaguchi-a/turtlebot3_ws/src/nav2_send_goal/build/nav2_send_goal': CMAKE_PREFIX_PATH=${CMAKE_PREFIX_PATH}:/opt/ros/humble /usr/bin/cmake --install /home/yamaguchi-a/turtlebot3_ws/src/nav2_send_goal/build/nav2_send_goal
[1.892s] Level 1:colcon.colcon_core.environment:create_environment_scripts_only(nav2_send_goal)
[1.896s] DEBUG:colcon.colcon_core.event_handler.log_command:Invoked command in '/home/yamaguchi-a/turtlebot3_ws/src/nav2_send_goal/build/nav2_send_goal' returned '0': CMAKE_PREFIX_PATH=${CMAKE_PREFIX_PATH}:/opt/ros/humble /usr/bin/cmake --install /home/yamaguchi-a/turtlebot3_ws/src/nav2_send_goal/build/nav2_send_goal
[1.904s] Level 1:colcon.colcon_core.environment:checking '/home/yamaguchi-a/turtlebot3_ws/src/nav2_send_goal/install/nav2_send_goal' for CMake module files
[1.906s] Level 1:colcon.colcon_core.environment:checking '/home/yamaguchi-a/turtlebot3_ws/src/nav2_send_goal/install/nav2_send_goal' for CMake config files
[1.906s] Level 1:colcon.colcon_core.shell:create_environment_hook('nav2_send_goal', 'cmake_prefix_path')
[1.907s] INFO:colcon.colcon_core.shell:Creating environment hook '/home/yamaguchi-a/turtlebot3_ws/src/nav2_send_goal/install/nav2_send_goal/share/nav2_send_goal/hook/cmake_prefix_path.ps1'
[1.908s] INFO:colcon.colcon_core.shell:Creating environment descriptor '/home/yamaguchi-a/turtlebot3_ws/src/nav2_send_goal/install/nav2_send_goal/share/nav2_send_goal/hook/cmake_prefix_path.dsv'
[1.908s] INFO:colcon.colcon_core.shell:Creating environment hook '/home/yamaguchi-a/turtlebot3_ws/src/nav2_send_goal/install/nav2_send_goal/share/nav2_send_goal/hook/cmake_prefix_path.sh'
[1.909s] Level 1:colcon.colcon_core.environment:checking '/home/yamaguchi-a/turtlebot3_ws/src/nav2_send_goal/install/nav2_send_goal/lib'
[1.910s] Level 1:colcon.colcon_core.environment:checking '/home/yamaguchi-a/turtlebot3_ws/src/nav2_send_goal/install/nav2_send_goal/bin'
[1.910s] Level 1:colcon.colcon_core.environment:checking '/home/yamaguchi-a/turtlebot3_ws/src/nav2_send_goal/install/nav2_send_goal/lib/pkgconfig/nav2_send_goal.pc'
[1.910s] Level 1:colcon.colcon_core.environment:checking '/home/yamaguchi-a/turtlebot3_ws/src/nav2_send_goal/install/nav2_send_goal/lib/python3.10/site-packages'
[1.911s] Level 1:colcon.colcon_core.environment:checking '/home/yamaguchi-a/turtlebot3_ws/src/nav2_send_goal/install/nav2_send_goal/bin'
[1.911s] INFO:colcon.colcon_core.shell:Creating package script '/home/yamaguchi-a/turtlebot3_ws/src/nav2_send_goal/install/nav2_send_goal/share/nav2_send_goal/package.ps1'
[1.912s] INFO:colcon.colcon_core.shell:Creating package descriptor '/home/yamaguchi-a/turtlebot3_ws/src/nav2_send_goal/install/nav2_send_goal/share/nav2_send_goal/package.dsv'
[1.913s] INFO:colcon.colcon_core.shell:Creating package script '/home/yamaguchi-a/turtlebot3_ws/src/nav2_send_goal/install/nav2_send_goal/share/nav2_send_goal/package.sh'
[1.915s] INFO:colcon.colcon_core.shell:Creating package script '/home/yamaguchi-a/turtlebot3_ws/src/nav2_send_goal/install/nav2_send_goal/share/nav2_send_goal/package.bash'
[1.917s] INFO:colcon.colcon_core.shell:Creating package script '/home/yamaguchi-a/turtlebot3_ws/src/nav2_send_goal/install/nav2_send_goal/share/nav2_send_goal/package.zsh'
[1.919s] Level 1:colcon.colcon_core.environment:create_file_with_runtime_dependencies(/home/yamaguchi-a/turtlebot3_ws/src/nav2_send_goal/install/nav2_send_goal/share/colcon-core/packages/nav2_send_goal)
[2.010s] Level 1:colcon.colcon_core.environment:create_environment_scripts_only(nav2_send_goal)
[2.012s] Level 1:colcon.colcon_core.environment:checking '/home/yamaguchi-a/turtlebot3_ws/src/nav2_send_goal/install/nav2_send_goal' for CMake module files
[2.015s] Level 1:colcon.colcon_core.environment:checking '/home/yamaguchi-a/turtlebot3_ws/src/nav2_send_goal/install/nav2_send_goal' for CMake config files
[2.016s] Level 1:colcon.colcon_core.shell:create_environment_hook('nav2_send_goal', 'cmake_prefix_path')
[2.017s] INFO:colcon.colcon_core.shell:Creating environment hook '/home/yamaguchi-a/turtlebot3_ws/src/nav2_send_goal/install/nav2_send_goal/share/nav2_send_goal/hook/cmake_prefix_path.ps1'
[2.020s] INFO:colcon.colcon_core.shell:Creating environment descriptor '/home/yamaguchi-a/turtlebot3_ws/src/nav2_send_goal/install/nav2_send_goal/share/nav2_send_goal/hook/cmake_prefix_path.dsv'
[2.021s] INFO:colcon.colcon_core.shell:Creating environment hook '/home/yamaguchi-a/turtlebot3_ws/src/nav2_send_goal/install/nav2_send_goal/share/nav2_send_goal/hook/cmake_prefix_path.sh'
[2.024s] Level 1:colcon.colcon_core.environment:checking '/home/yamaguchi-a/turtlebot3_ws/src/nav2_send_goal/install/nav2_send_goal/lib'
[2.025s] Level 1:colcon.colcon_core.environment:checking '/home/yamaguchi-a/turtlebot3_ws/src/nav2_send_goal/install/nav2_send_goal/bin'
[2.025s] Level 1:colcon.colcon_core.environment:checking '/home/yamaguchi-a/turtlebot3_ws/src/nav2_send_goal/install/nav2_send_goal/lib/pkgconfig/nav2_send_goal.pc'
[2.026s] Level 1:colcon.colcon_core.environment:checking '/home/yamaguchi-a/turtlebot3_ws/src/nav2_send_goal/install/nav2_send_goal/lib/python3.10/site-packages'
[2.027s] Level 1:colcon.colcon_core.environment:checking '/home/yamaguchi-a/turtlebot3_ws/src/nav2_send_goal/install/nav2_send_goal/bin'
[2.031s] INFO:colcon.colcon_core.shell:Creating package script '/home/yamaguchi-a/turtlebot3_ws/src/nav2_send_goal/install/nav2_send_goal/share/nav2_send_goal/package.ps1'
[2.034s] INFO:colcon.colcon_core.shell:Creating package descriptor '/home/yamaguchi-a/turtlebot3_ws/src/nav2_send_goal/install/nav2_send_goal/share/nav2_send_goal/package.dsv'
[2.037s] INFO:colcon.colcon_core.shell:Creating package script '/home/yamaguchi-a/turtlebot3_ws/src/nav2_send_goal/install/nav2_send_goal/share/nav2_send_goal/package.sh'
[2.038s] INFO:colcon.colcon_core.shell:Creating package script '/home/yamaguchi-a/turtlebot3_ws/src/nav2_send_goal/install/nav2_send_goal/share/nav2_send_goal/package.bash'
[2.039s] INFO:colcon.colcon_core.shell:Creating package script '/home/yamaguchi-a/turtlebot3_ws/src/nav2_send_goal/install/nav2_send_goal/share/nav2_send_goal/package.zsh'
[2.041s] Level 1:colcon.colcon_core.environment:create_file_with_runtime_dependencies(/home/yamaguchi-a/turtlebot3_ws/src/nav2_send_goal/install/nav2_send_goal/share/colcon-core/packages/nav2_send_goal)
[2.045s] DEBUG:colcon.colcon_parallel_executor.executor.parallel:closing loop
[2.045s] DEBUG:colcon.colcon_parallel_executor.executor.parallel:loop closed
[2.046s] DEBUG:colcon.colcon_parallel_executor.executor.parallel:run_until_complete finished with '0'
[2.047s] DEBUG:colcon.colcon_core.event_reactor:joining thread
[2.078s] INFO:colcon.colcon_core.plugin_system:Skipping extension 'colcon_notification.desktop_notification.terminal_notifier': Not used on non-Darwin systems
[2.079s] INFO:colcon.colcon_core.plugin_system:Skipping extension 'colcon_notification.desktop_notification.win32': Not used on non-Windows systems
[2.079s] INFO:colcon.colcon_notification.desktop_notification:Sending desktop notification using 'notify2'
[2.144s] DEBUG:colcon.colcon_core.event_reactor:joined thread
[2.146s] INFO:colcon.colcon_core.shell:Creating prefix script '/home/yamaguchi-a/turtlebot3_ws/src/nav2_send_goal/install/local_setup.ps1'
[2.149s] INFO:colcon.colcon_core.shell:Creating prefix util module '/home/yamaguchi-a/turtlebot3_ws/src/nav2_send_goal/install/_local_setup_util_ps1.py'
[2.152s] INFO:colcon.colcon_core.shell:Creating prefix chain script '/home/yamaguchi-a/turtlebot3_ws/src/nav2_send_goal/install/setup.ps1'
[2.158s] INFO:colcon.colcon_core.shell:Creating prefix script '/home/yamaguchi-a/turtlebot3_ws/src/nav2_send_goal/install/local_setup.sh'
[2.160s] INFO:colcon.colcon_core.shell:Creating prefix util module '/home/yamaguchi-a/turtlebot3_ws/src/nav2_send_goal/install/_local_setup_util_sh.py'
[2.162s] INFO:colcon.colcon_core.shell:Creating prefix chain script '/home/yamaguchi-a/turtlebot3_ws/src/nav2_send_goal/install/setup.sh'
[2.167s] INFO:colcon.colcon_core.shell:Creating prefix script '/home/yamaguchi-a/turtlebot3_ws/src/nav2_send_goal/install/local_setup.bash'
[2.169s] INFO:colcon.colcon_core.shell:Creating prefix chain script '/home/yamaguchi-a/turtlebot3_ws/src/nav2_send_goal/install/setup.bash'
[2.173s] INFO:colcon.colcon_core.shell:Creating prefix script '/home/yamaguchi-a/turtlebot3_ws/src/nav2_send_goal/install/local_setup.zsh'
[2.175s] INFO:colcon.colcon_core.shell:Creating prefix chain script '/home/yamaguchi-a/turtlebot3_ws/src/nav2_send_goal/install/setup.zsh'
