[35m[1mConsolidate compiler generated dependencies of target nav2_send_goal[0m
[ 33%] [32mBuilding CXX object CMakeFiles/nav2_send_goal.dir/src/nav2_send_goal.cpp.o[0m
[ 66%] [32m[1mLinking CXX executable nav2_send_goal[0m
[100%] Built target nav2_send_goal
-- Install configuration: ""
-- Installing: /home/yamaguchi-a/turtlebot3_ws/src/nav2_send_goal/install/nav2_send_goal/lib/nav2_send_goal/nav2_send_goal
-- Set runtime path of "/home/yamaguchi-a/turtlebot3_ws/src/nav2_send_goal/install/nav2_send_goal/lib/nav2_send_goal/nav2_send_goal" to ""
-- Installing: /home/yamaguchi-a/turtlebot3_ws/src/nav2_send_goal/install/nav2_send_goal/share/ament_index/resource_index/package_run_dependencies/nav2_send_goal
-- Installing: /home/yamaguchi-a/turtlebot3_ws/src/nav2_send_goal/install/nav2_send_goal/share/ament_index/resource_index/parent_prefix_path/nav2_send_goal
-- Installing: /home/yamaguchi-a/turtlebot3_ws/src/nav2_send_goal/install/nav2_send_goal/share/nav2_send_goal/environment/ament_prefix_path.sh
-- Installing: /home/yamaguchi-a/turtlebot3_ws/src/nav2_send_goal/install/nav2_send_goal/share/nav2_send_goal/environment/ament_prefix_path.dsv
-- Installing: /home/yamaguchi-a/turtlebot3_ws/src/nav2_send_goal/install/nav2_send_goal/share/nav2_send_goal/environment/path.sh
-- Installing: /home/yamaguchi-a/turtlebot3_ws/src/nav2_send_goal/install/nav2_send_goal/share/nav2_send_goal/environment/path.dsv
-- Installing: /home/yamaguchi-a/turtlebot3_ws/src/nav2_send_goal/install/nav2_send_goal/share/nav2_send_goal/local_setup.bash
-- Installing: /home/yamaguchi-a/turtlebot3_ws/src/nav2_send_goal/install/nav2_send_goal/share/nav2_send_goal/local_setup.sh
-- Installing: /home/yamaguchi-a/turtlebot3_ws/src/nav2_send_goal/install/nav2_send_goal/share/nav2_send_goal/local_setup.zsh
-- Installing: /home/yamaguchi-a/turtlebot3_ws/src/nav2_send_goal/install/nav2_send_goal/share/nav2_send_goal/local_setup.dsv
-- Installing: /home/yamaguchi-a/turtlebot3_ws/src/nav2_send_goal/install/nav2_send_goal/share/nav2_send_goal/package.dsv
-- Installing: /home/yamaguchi-a/turtlebot3_ws/src/nav2_send_goal/install/nav2_send_goal/share/ament_index/resource_index/packages/nav2_send_goal
-- Installing: /home/yamaguchi-a/turtlebot3_ws/src/nav2_send_goal/install/nav2_send_goal/share/nav2_send_goal/cmake/nav2_send_goalConfig.cmake
-- Installing: /home/yamaguchi-a/turtlebot3_ws/src/nav2_send_goal/install/nav2_send_goal/share/nav2_send_goal/cmake/nav2_send_goalConfig-version.cmake
-- Installing: /home/yamaguchi-a/turtlebot3_ws/src/nav2_send_goal/install/nav2_send_goal/share/nav2_send_goal/package.xml
