[0.016s] Invoking command in '/home/yamaguchi-a/turtlebot3_ws/src/nav2_send_goal/build/nav2_send_goal': CMAKE_PREFIX_PATH=${CMAKE_PREFIX_PATH}:/opt/ros/humble /usr/bin/cmake --build /home/yamaguchi-a/turtlebot3_ws/src/nav2_send_goal/build/nav2_send_goal -- -j8 -l8
[0.047s] -- Found rclcpp: 16.0.10 (/opt/ros/humble/share/rclcpp/cmake)
[0.230s] -- Found rosidl_generator_c: 3.1.5 (/opt/ros/humble/share/rosidl_generator_c/cmake)
[0.233s] -- Found rosidl_adapter: 3.1.5 (/opt/ros/humble/share/rosidl_adapter/cmake)
[0.241s] -- Found rosidl_generator_cpp: 3.1.5 (/opt/ros/humble/share/rosidl_generator_cpp/cmake)
[0.254s] -- Using all available rosidl_typesupport_c: rosidl_typesupport_fastrtps_c;rosidl_typesupport_introspection_c
[0.270s] -- Using all available rosidl_typesupport_cpp: rosidl_typesupport_fastrtps_cpp;rosidl_typesupport_introspection_cpp
[0.314s] -- Found rmw_implementation_cmake: 6.1.2 (/opt/ros/humble/share/rmw_implementation_cmake/cmake)
[0.316s] -- Found rmw_fastrtps_cpp: 6.2.7 (/opt/ros/humble/share/rmw_fastrtps_cpp/cmake)
[0.425s] -- Using RMW implementation 'rmw_fastrtps_cpp' as default
[0.492s] -- Found rclcpp_action: 16.0.10 (/opt/ros/humble/share/rclcpp_action/cmake)
[0.532s] -- Found nav2_msgs: 1.1.15 (/opt/ros/humble/share/nav2_msgs/cmake)
[0.602s] -- Found tf2: 0.25.7 (/opt/ros/humble/share/tf2/cmake)
[0.614s] -- Found tf2_geometry_msgs: 0.25.7 (/opt/ros/humble/share/tf2_geometry_msgs/cmake)
[0.619s] -- Found eigen3_cmake_module: 0.1.1 (/opt/ros/humble/share/eigen3_cmake_module/cmake)
[0.620s] -- Ensuring Eigen3 include directory is part of orocos-kdl CMake target
[0.686s] -- Found ament_cmake_auto: 1.3.10 (/opt/ros/humble/share/ament_cmake_auto/cmake)
[0.756s] -- Found ament_lint_auto: 0.12.11 (/opt/ros/humble/share/ament_lint_auto/cmake)
[0.804s] -- Added test 'cppcheck' to perform static code analysis on C / C++ code
[0.804s] -- Configured cppcheck include dirs: /home/yamaguchi-a/turtlebot3_ws/src/nav2_send_goal/include
[0.804s] -- Configured cppcheck exclude dirs and/or files: 
[0.809s] -- Added test 'flake8' to check Python code syntax and style conventions
[0.819s] -- Added test 'lint_cmake' to check CMake code style
[0.824s] -- Added test 'pep257' to check Python code against some of the docstring style conventions in PEP 257
[0.861s] -- Added test 'uncrustify' to check C / C++ code style
[0.861s] -- Configured uncrustify additional arguments: 
[0.866s] -- Added test 'xmllint' to check XML markup files
[0.868s] -- Configuring done
[0.882s] -- Generating done
[0.884s] -- Build files have been written to: /home/yamaguchi-a/turtlebot3_ws/src/nav2_send_goal/build/nav2_send_goal
[0.912s] [35m[1mConsolidate compiler generated dependencies of target nav2_send_goal[0m
[0.936s] [ 66%] [32mBuilding CXX object CMakeFiles/nav2_send_goal.dir/src/nav2_send_goal.cpp.o[0m
[0.936s] [ 66%] [32mBuilding CXX object CMakeFiles/nav2_send_goal.dir/src/nav2_send_goal_node.cpp.o[0m
[8.549s] [100%] [32m[1mLinking CXX executable nav2_send_goal[0m
[8.891s] [100%] Built target nav2_send_goal
[8.903s] Invoked command in '/home/yamaguchi-a/turtlebot3_ws/src/nav2_send_goal/build/nav2_send_goal' returned '0': CMAKE_PREFIX_PATH=${CMAKE_PREFIX_PATH}:/opt/ros/humble /usr/bin/cmake --build /home/yamaguchi-a/turtlebot3_ws/src/nav2_send_goal/build/nav2_send_goal -- -j8 -l8
[8.937s] Invoking command in '/home/yamaguchi-a/turtlebot3_ws/src/nav2_send_goal/build/nav2_send_goal': CMAKE_PREFIX_PATH=${CMAKE_PREFIX_PATH}:/opt/ros/humble /usr/bin/cmake --install /home/yamaguchi-a/turtlebot3_ws/src/nav2_send_goal/build/nav2_send_goal
[8.944s] -- Install configuration: ""
[8.944s] -- Installing: /home/yamaguchi-a/turtlebot3_ws/src/nav2_send_goal/install/nav2_send_goal/lib/nav2_send_goal/nav2_send_goal
[8.947s] -- Set runtime path of "/home/yamaguchi-a/turtlebot3_ws/src/nav2_send_goal/install/nav2_send_goal/lib/nav2_send_goal/nav2_send_goal" to ""
[8.947s] -- Installing: /home/yamaguchi-a/turtlebot3_ws/src/nav2_send_goal/install/nav2_send_goal/include
[8.948s] -- Installing: /home/yamaguchi-a/turtlebot3_ws/src/nav2_send_goal/install/nav2_send_goal/include/nav2_send_goal
[8.948s] -- Installing: /home/yamaguchi-a/turtlebot3_ws/src/nav2_send_goal/install/nav2_send_goal/include/nav2_send_goal/nav2_send_goal.hpp
[8.948s] -- Up-to-date: /home/yamaguchi-a/turtlebot3_ws/src/nav2_send_goal/install/nav2_send_goal/lib/nav2_send_goal/nav2_send_goal
[8.948s] -- Installing: /home/yamaguchi-a/turtlebot3_ws/src/nav2_send_goal/install/nav2_send_goal/share/nav2_send_goal/launch
[8.948s] -- Installing: /home/yamaguchi-a/turtlebot3_ws/src/nav2_send_goal/install/nav2_send_goal/share/nav2_send_goal/launch/start.launch.xml
[8.948s] -- Installing: /home/yamaguchi-a/turtlebot3_ws/src/nav2_send_goal/install/nav2_send_goal/share/ament_index/resource_index/package_run_dependencies/nav2_send_goal
[8.948s] -- Up-to-date: /home/yamaguchi-a/turtlebot3_ws/src/nav2_send_goal/install/nav2_send_goal/share/ament_index/resource_index/parent_prefix_path/nav2_send_goal
[8.948s] -- Up-to-date: /home/yamaguchi-a/turtlebot3_ws/src/nav2_send_goal/install/nav2_send_goal/share/nav2_send_goal/environment/ament_prefix_path.sh
[8.948s] -- Installing: /home/yamaguchi-a/turtlebot3_ws/src/nav2_send_goal/install/nav2_send_goal/share/nav2_send_goal/environment/ament_prefix_path.dsv
[8.948s] -- Up-to-date: /home/yamaguchi-a/turtlebot3_ws/src/nav2_send_goal/install/nav2_send_goal/share/nav2_send_goal/environment/path.sh
[8.949s] -- Installing: /home/yamaguchi-a/turtlebot3_ws/src/nav2_send_goal/install/nav2_send_goal/share/nav2_send_goal/environment/path.dsv
[8.949s] -- Up-to-date: /home/yamaguchi-a/turtlebot3_ws/src/nav2_send_goal/install/nav2_send_goal/share/nav2_send_goal/local_setup.bash
[8.949s] -- Up-to-date: /home/yamaguchi-a/turtlebot3_ws/src/nav2_send_goal/install/nav2_send_goal/share/nav2_send_goal/local_setup.sh
[8.949s] -- Up-to-date: /home/yamaguchi-a/turtlebot3_ws/src/nav2_send_goal/install/nav2_send_goal/share/nav2_send_goal/local_setup.zsh
[8.949s] -- Installing: /home/yamaguchi-a/turtlebot3_ws/src/nav2_send_goal/install/nav2_send_goal/share/nav2_send_goal/local_setup.dsv
[8.949s] -- Installing: /home/yamaguchi-a/turtlebot3_ws/src/nav2_send_goal/install/nav2_send_goal/share/nav2_send_goal/package.dsv
[8.949s] -- Up-to-date: /home/yamaguchi-a/turtlebot3_ws/src/nav2_send_goal/install/nav2_send_goal/share/ament_index/resource_index/packages/nav2_send_goal
[8.949s] -- Installing: /home/yamaguchi-a/turtlebot3_ws/src/nav2_send_goal/install/nav2_send_goal/share/nav2_send_goal/cmake/ament_cmake_export_include_directories-extras.cmake
[8.949s] -- Installing: /home/yamaguchi-a/turtlebot3_ws/src/nav2_send_goal/install/nav2_send_goal/share/nav2_send_goal/cmake/nav2_send_goalConfig.cmake
[8.949s] -- Up-to-date: /home/yamaguchi-a/turtlebot3_ws/src/nav2_send_goal/install/nav2_send_goal/share/nav2_send_goal/cmake/nav2_send_goalConfig-version.cmake
[8.949s] -- Installing: /home/yamaguchi-a/turtlebot3_ws/src/nav2_send_goal/install/nav2_send_goal/share/nav2_send_goal/package.xml
[8.951s] Invoked command in '/home/yamaguchi-a/turtlebot3_ws/src/nav2_send_goal/build/nav2_send_goal' returned '0': CMAKE_PREFIX_PATH=${CMAKE_PREFIX_PATH}:/opt/ros/humble /usr/bin/cmake --install /home/yamaguchi-a/turtlebot3_ws/src/nav2_send_goal/build/nav2_send_goal
